Copyright 1986-2019 Xilinx, Inc. All Rights Reserved.
-----------------------------------------------------------------------------------------------------
| Tool Version : Vivado v.2019.1 (lin64) Build 2552052 Fri May 24 14:47:09 MDT 2019
| Date         : Wed Jun 29 17:56:08 2022
| Host         : zero-X555QG running 64-bit Ubuntu 20.04.4 LTS
| Command      : report_utilization -hierarchical -file nexys4ddr_utilization_hierarchical_synth.rpt
| Design       : nexys4ddr
| Device       : 7a100tcsg324-1
| Design State : Synthesized
-----------------------------------------------------------------------------------------------------

Utilization Design Information

Table of Contents
-----------------
1. Utilization by Hierarchy

1. Utilization by Hierarchy
---------------------------

+----------------+-------------------+------------+------------+---------+------+------+--------+--------+--------------+
|    Instance    |       Module      | Total LUTs | Logic LUTs | LUTRAMs | SRLs |  FFs | RAMB36 | RAMB18 | DSP48 Blocks |
+----------------+-------------------+------------+------------+---------+------+------+--------+--------+--------------+
| nexys4ddr      |             (top) |       2411 |       2291 |     120 |    0 | 1782 |     14 |      0 |            0 |
|   (nexys4ddr)  |             (top) |        289 |        257 |      32 |    0 |  616 |     14 |      0 |            0 |
|   MOTOR        |             MOTOR |         39 |         39 |       0 |    0 |   39 |      0 |      0 |            0 |
|   picorv32     |          picorv32 |       2083 |       1995 |      88 |    0 | 1127 |      0 |      0 |            0 |
|     (picorv32) |          picorv32 |       1363 |       1275 |      88 |    0 |  672 |      0 |      0 |            0 |
|     pcpi_div   | picorv32_pcpi_div |        388 |        388 |       0 |    0 |  200 |      0 |      0 |            0 |
|     pcpi_mul   | picorv32_pcpi_mul |        332 |        332 |       0 |    0 |  255 |      0 |      0 |            0 |
+----------------+-------------------+------------+------------+---------+------+------+--------+--------+--------------+


